INFO main aview.TextGUI - Possible commands: q = quit, n = new Game, sS = small Field, sM = medium Field, sL = Large Field, xx-yy = reveal Field
INFO main aview.TextGUI - 
 Line
    1  -   -   -   -   -   -   -   -   -   -   -   -   -   -   -   -   -   -   -   -   -   -   -   -   -   -   -   -   -   - 
    2  -   -   -   -   -   -   -   -   -   -   -   -   -   -   -   -   -   -   -   -   -   -   -   -   -   -   -   -   -   - 
    3  -   -   -   -   -   -   -   -   -   -   -   -   -   -   -   -   -   -   -   -   -   -   -   -   -   -   -   -   -   - 
    4  -   -   -   -   -   -   -   -   -   -   -   -   -   -   -   -   -   -   -   -   -   -   -   -   -   -   -   -   -   - 
    5  -   -   -   -   -   -   -   -   -   -   -   -   -   -   -   -   -   -   -   -   -   -   -   -   -   -   -   -   -   - 
    6  -   -   -   -   -   -   -   -   -   -   -   -   -   -   -   -   -   -   -   -   -   -   -   -   -   -   -   -   -   - 
    7  -   -   -   -   -   -   -   -   -   -   -   -   -   -   -   -   -   -   -   -   -   -   -   -   -   -   -   -   -   - 
    8  -   -   -   -   -   -   -   -   -   -   -   -   -   -   -   -   -   -   -   -   -   -   -   -   -   -   -   -   -   - 
    9  -   -   -   -   -   -   -   -   -   -   -   -   -   -   -   -   -   -   -   -   -   -   -   -   3   2   2   2   2   1 
   10  -   -   -   -   -   -   -   -   -   -   -   -   -   -   -   -   -   -   -   -   -   -   -   -   1   0   0   0   0   0 
   11  -   -   -   -   -   -   -   -   -   -   -   -   -   -   -   -   -   -   -   -   -   -   -   -   1   1   1   0   0   0 
   12  -   -   -   -   -   -   -   -   -   -   -   -   -   -   -   -   -   -   -   -   -   -   -   -   -   -   1   0   0   0 
   13  -   -   -   -   -   -   -   -   -   -   -   -   -   -   -   -   -   -   -   -   -   -   -   -   -   2   1   0   0   0 
   14  -   -   -   -   -   -   -   -   -   -   -   -   1   1   2   2   2   -   -   -   -   2   2   3   -   1   0   1   1   1 
   15  -   -   -   -   -   -   -   -   -   -   -   2   1   0   0   0   1   2   2   2   1   1   0   1   1   1   0   1   -   - 
   16  -   -   -   -   -   -   -   -   -   -   -   1   0   0   0   0   0   0   0   0   0   0   0   0   0   0   0   1   -   1 
       1   2   3   4   5   6   7   8   9  10  11  12  13  14  15  16  17  18  19  20  21  22  23  24  25  26  27  28  29  30 
       Column

INFO main aview.TextGUI - Possible commands: q = quit, n = new Game, sS = small Field, sM = medium Field, sL = Large Field, xx-yy = reveal Field
INFO main aview.TextGUI - 
 Line
    1  -   -   -   -   -   -   -   -   - 
    2  -   -   -   -   -   -   -   -   - 
    3  -   -   -   -   -   -   -   -   - 
    4  -   -   -   -   -   -   -   -   - 
    5  -   -   -   -   -   -   -   -   - 
    6  -   -   -   -   -   -   -   -   - 
    7  -   -   -   -   -   -   -   -   - 
    8  -   -   -   -   -   -   -   -   - 
    9  -   -   -   -   -   -   -   -   - 
       1   2   3   4   5   6   7   8   9 
       Column

INFO main aview.TextGUI - Possible commands: q = quit, n = new Game, sS = small Field, sM = medium Field, sL = Large Field, xx-yy = reveal Field
INFO main aview.TextGUI - 
 Line
    1  1   -   -   -   -   -   -   -   - 
    2  -   -   -   -   -   -   -   -   - 
    3  -   -   -   -   -   -   -   -   - 
    4  -   -   -   -   -   -   -   -   - 
    5  -   -   -   -   -   -   -   -   - 
    6  -   -   -   -   -   -   -   -   - 
    7  -   -   -   -   -   -   -   -   - 
    8  -   -   -   -   -   -   -   -   - 
    9  -   -   -   -   -   -   -   -   - 
       1   2   3   4   5   6   7   8   9 
       Column

INFO main aview.TextGUI - Possible commands: q = quit, n = new Game, sS = small Field, sM = medium Field, sL = Large Field, xx-yy = reveal Field
INFO main aview.TextGUI - 
 Line
    1  1   -   -   -   -   -   -   -   - 
    2  -   -   -   -   -   -   -   -   - 
    3  -   -   -   -   -   -   -   -   - 
    4  -   -   -   -   -   -   -   -   - 
    5  -   -   -   -   -   -   -   -   - 
    6  -   -   -   -   -   -   -   -   - 
    7  -   -   -   -   -   2   1   1   1 
    8  -   -   -   -   -   1   0   0   0 
    9  -   -   -   -   -   1   0   0   0 
       1   2   3   4   5   6   7   8   9 
       Column

INFO main aview.TextGUI - Possible commands: q = quit, n = new Game, sS = small Field, sM = medium Field, sL = Large Field, xx-yy = reveal Field
INFO main aview.TextGUI - 
 Line
    1  1   -   -   -   -   -   -   -   - 
    2  -   -   -   -   -   -   -   -   - 
    3  -   -   -   -   -   -   -   -   - 
    4  -   -   -   -   -   -   -   -   - 
    5  -   -   -   -   -   -   -   -   - 
    6  -   -   -   -   -   -   -   -   - 
    7  -   -   -   -   -   2   1   1   1 
    8  -   -   -   -   -   1   0   0   0 
    9  -   -   -   -   -   1   0   0   0 
       1   2   3   4   5   6   7   8   9 
       Column

INFO main aview.TextGUI - Possible commands: q = quit, n = new Game, sS = small Field, sM = medium Field, sL = Large Field, xx-yy = reveal Field
INFO main aview.TextGUI - 
 Line
    1  -   -   -   -   -   -   -   -   - 
    2  -   -   -   -   -   -   -   -   - 
    3  -   -   -   -   -   -   -   -   - 
    4  -   -   -   -   -   -   -   -   - 
    5  -   -   -   -   -   -   -   -   - 
    6  -   -   -   -   -   -   -   -   - 
    7  -   -   -   -   -   -   -   -   - 
    8  -   -   -   -   -   -   -   -   - 
    9  -   -   -   -   -   -   -   -   - 
       1   2   3   4   5   6   7   8   9 
       Column

INFO main aview.TextGUI - Possible commands: q = quit, n = new Game, sS = small Field, sM = medium Field, sL = Large Field, xx-yy = reveal Field
INFO main aview.TextGUI - 
 Line
    1  0   0   0   1   -   -   -   -   - 
    2  0   0   0   1   2   2   -   -   - 
    3  1   1   0   0   0   1   -   -   - 
    4  -   1   0   1   1   2   -   -   - 
    5  -   2   1   1   -   -   -   -   - 
    6  -   -   -   -   -   -   -   -   - 
    7  -   -   -   -   -   -   -   -   - 
    8  -   -   -   -   -   -   -   -   - 
    9  -   -   -   -   -   -   -   -   - 
       1   2   3   4   5   6   7   8   9 
       Column

INFO main aview.TextGUI - Possible commands: q = quit, n = new Game, sS = small Field, sM = medium Field, sL = Large Field, xx-yy = reveal Field
INFO main aview.TextGUI - 
 Line
    1  -   -   -   -   -   -   -   -   - 
    2  -   -   -   -   -   -   -   -   - 
    3  -   -   -   -   -   -   -   -   - 
    4  -   -   -   -   -   -   -   -   - 
    5  -   -   -   -   -   -   -   -   - 
    6  -   -   -   -   -   -   -   -   - 
    7  -   -   -   -   -   -   -   -   - 
    8  -   -   -   -   -   -   -   -   - 
    9  -   -   -   -   -   -   -   -   - 
       1   2   3   4   5   6   7   8   9 
       Column

INFO main aview.TextGUI - Possible commands: q = quit, n = new Game, sS = small Field, sM = medium Field, sL = Large Field, xx-yy = reveal Field
INFO main aview.TextGUI - 
 Line
    1  0   0   0   2   -   -   -   -   - 
    2  1   1   0   2   -   -   -   -   - 
    3  -   1   0   2   -   -   -   -   - 
    4  -   1   0   2   -   -   -   -   - 
    5  -   1   1   2   -   -   -   -   - 
    6  -   -   -   -   -   -   -   -   - 
    7  -   -   -   -   -   -   -   -   - 
    8  -   -   -   -   -   -   -   -   - 
    9  -   -   -   -   -   -   -   -   - 
       1   2   3   4   5   6   7   8   9 
       Column

INFO main aview.TextGUI - Possible commands: q = quit, n = new Game, sS = small Field, sM = medium Field, sL = Large Field, xx-yy = reveal Field
INFO main aview.TextGUI - 
 Line
    1  -   -   -   -   -   -   -   -   - 
    2  -   -   -   -   -   -   -   -   - 
    3  -   -   -   -   -   -   -   -   - 
    4  -   -   -   -   -   -   -   -   - 
    5  -   -   -   -   -   -   -   -   - 
    6  -   -   -   -   -   -   -   -   - 
    7  -   -   -   -   -   -   -   -   - 
    8  -   -   -   -   -   -   -   -   - 
    9  -   -   -   -   -   -   -   -   - 
       1   2   3   4   5   6   7   8   9 
       Column

INFO main aview.TextGUI - Possible commands: q = quit, n = new Game, sS = small Field, sM = medium Field, sL = Large Field, xx-yy = reveal Field
INFO main aview.TextGUI - 
 Line
    1  0   0   0   1   -   -   -   -   - 
    2  0   0   0   2   -   -   -   -   - 
    3  1   1   1   3   -   -   -   -   - 
    4  -   -   -   -   -   -   -   -   - 
    5  -   -   -   -   -   -   -   -   - 
    6  -   -   -   -   -   -   -   -   - 
    7  -   -   -   -   -   -   -   -   - 
    8  -   -   -   -   -   -   -   -   - 
    9  -   -   -   -   -   -   -   -   - 
       1   2   3   4   5   6   7   8   9 
       Column

INFO main aview.TextGUI - Possible commands: q = quit, n = new Game, sS = small Field, sM = medium Field, sL = Large Field, xx-yy = reveal Field
INFO main aview.TextGUI - 
 Line
    1  0   0   0   -   -   -   -   -   - 
    2  0   0   0   -   -   -   -   -   - 
    3  -   -   -   -   -   -   -   -   - 
    4  -   -   -   -   -   -   -   -   - 
    5  -   -   -   -   -   -   -   -   - 
    6  -   -   -   -   -   -   -   -   - 
    7  -   -   -   -   -   -   -   -   - 
    8  -   -   -   -   -   -   -   -   - 
    9  -   -   -   -   -   -   -   -   - 
       1   2   3   4   5   6   7   8   9 
       Column

INFO main aview.TextGUI - Possible commands: q = quit, n = new Game, sS = small Field, sM = medium Field, sL = Large Field, xx-yy = reveal Field
INFO main aview.TextGUI - 
 Line
    1  -   -   -   -   -   -   -   -   - 
    2  -   -   -   -   -   -   -   -   - 
    3  -   -   -   -   -   -   -   -   - 
    4  -   -   -   -   -   -   -   -   - 
    5  -   -   -   -   -   -   -   -   - 
    6  -   -   -   -   -   -   -   -   - 
    7  -   -   -   -   -   -   -   -   - 
    8  -   -   -   -   -   -   -   -   - 
    9  -   -   -   -   -   -   -   -   - 
       1   2   3   4   5   6   7   8   9 
       Column

INFO main aview.TextGUI - Possible commands: q = quit, n = new Game, sS = small Field, sM = medium Field, sL = Large Field, xx-yy = reveal Field
INFO main aview.TextGUI - 
 Line
    1  0   1   -   -   -   -   -   -   - 
    2  0   1   -   -   -   -   -   -   - 
    3  1   2   -   -   -   -   -   -   - 
    4  -   -   -   -   -   -   -   -   - 
    5  -   -   -   -   -   -   -   -   - 
    6  -   -   -   -   -   -   -   -   - 
    7  -   -   -   -   -   -   -   -   - 
    8  -   -   -   -   -   -   -   -   - 
    9  -   -   -   -   -   -   -   -   - 
       1   2   3   4   5   6   7   8   9 
       Column

INFO main aview.TextGUI - Possible commands: q = quit, n = new Game, sS = small Field, sM = medium Field, sL = Large Field, xx-yy = reveal Field
INFO main aview.TextGUI - 
 Line
    1  0   0   -   -   -   -   -   -   - 
    2  0   0   -   -   -   -   -   -   - 
    3  0   0   -   -   -   -   -   -   - 
    4  -   -   -   -   -   -   -   -   - 
    5  -   -   -   -   -   -   -   -   - 
    6  -   -   -   -   -   -   -   -   - 
    7  -   -   -   -   -   -   -   -   - 
    8  -   -   -   -   -   -   -   -   - 
    9  -   -   -   -   -   -   -   -   - 
       1   2   3   4   5   6   7   8   9 
       Column

INFO main aview.TextGUI - Possible commands: q = quit, n = new Game, sS = small Field, sM = medium Field, sL = Large Field, xx-yy = reveal Field
INFO main aview.TextGUI - 
 Line
    1  -   -   -   -   -   -   -   -   - 
    2  -   -   -   -   -   -   -   -   - 
    3  -   -   -   -   -   -   -   -   - 
    4  -   -   -   -   -   -   -   -   - 
    5  -   -   -   -   -   -   -   -   - 
    6  -   -   -   -   -   -   -   -   - 
    7  -   -   -   -   -   -   -   -   - 
    8  -   -   -   -   -   -   -   -   - 
    9  -   -   -   -   -   -   -   -   - 
       1   2   3   4   5   6   7   8   9 
       Column

INFO main aview.TextGUI - Possible commands: q = quit, n = new Game, sS = small Field, sM = medium Field, sL = Large Field, xx-yy = reveal Field
INFO main aview.TextGUI - 
 Line
    1  1   -   -   -   -   -   -   -   - 
    2  -   -   -   -   -   -   -   -   - 
    3  -   -   -   -   -   -   -   -   - 
    4  -   -   -   -   -   -   -   -   - 
    5  -   -   -   -   -   -   -   -   - 
    6  -   -   -   -   -   -   -   -   - 
    7  -   -   -   -   -   -   -   -   - 
    8  -   -   -   -   -   -   -   -   - 
    9  -   -   -   -   -   -   -   -   - 
       1   2   3   4   5   6   7   8   9 
       Column

INFO main aview.TextGUI - Possible commands: q = quit, n = new Game, sS = small Field, sM = medium Field, sL = Large Field, xx-yy = reveal Field
INFO main aview.TextGUI - 
 Line
    1  0   -   -   -   -   -   -   -   - 
    2  -   -   -   -   -   -   -   -   - 
    3  -   -   -   -   -   -   -   -   - 
    4  -   -   -   -   -   -   -   -   - 
    5  -   -   -   -   -   -   -   -   - 
    6  -   -   -   -   -   -   -   -   - 
    7  -   -   -   -   -   -   -   -   - 
    8  -   -   -   -   -   -   -   -   - 
    9  -   -   -   -   -   -   -   -   - 
       1   2   3   4   5   6   7   8   9 
       Column

INFO main aview.TextGUI - Possible commands: q = quit, n = new Game, sS = small Field, sM = medium Field, sL = Large Field, xx-yy = reveal Field
INFO main aview.TextGUI - 
 Line
    1  -   -   -   -   -   -   -   -   - 
    2  -   -   -   -   -   -   -   -   - 
    3  -   -   -   -   -   -   -   -   - 
    4  -   -   -   -   -   -   -   -   - 
    5  -   -   -   -   -   -   -   -   - 
    6  -   -   -   -   -   -   -   -   - 
    7  -   -   -   -   -   -   -   -   - 
    8  -   -   -   -   -   -   -   -   - 
    9  -   -   -   -   -   -   -   -   - 
       1   2   3   4   5   6   7   8   9 
       Column

INFO main aview.TextGUI - Possible commands: q = quit, n = new Game, sS = small Field, sM = medium Field, sL = Large Field, xx-yy = reveal Field
INFO main aview.TextGUI - 
 Line
    1  -   -   -   -   -   -   -   -   - 
    2  -   -   -   -   -   -   -   -   - 
    3  -   -   -   -   -   -   -   -   - 
    4  -   -   -   -   -   -   -   -   - 
    5  -   -   -   -   -   -   -   -   - 
    6  -   -   -   -   -   -   -   -   - 
    7  -   -   -   -   -   -   -   -   - 
    8  -   -   -   -   -   -   -   -   - 
    9  -   -   -   -   -   -   -   -   - 
       1   2   3   4   5   6   7   8   9 
       Column

INFO main aview.TextGUI - Possible commands: q = quit, n = new Game, sS = small Field, sM = medium Field, sL = Large Field, xx-yy = reveal Field
INFO main aview.TextGUI - 
 Line
    1  2   -   -   -   -   -   -   -   - 
    2  -   -   -   -   -   -   -   -   - 
    3  -   -   -   -   -   -   -   -   - 
    4  -   -   -   -   -   -   -   -   - 
    5  -   -   -   -   -   -   -   -   - 
    6  -   -   -   -   -   -   -   -   - 
    7  -   -   -   -   -   -   -   -   - 
    8  -   -   -   -   -   -   -   -   - 
    9  -   -   -   -   -   -   -   -   - 
       1   2   3   4   5   6   7   8   9 
       Column

INFO main aview.TextGUI - Possible commands: q = quit, n = new Game, sS = small Field, sM = medium Field, sL = Large Field, xx-yy = reveal Field
INFO main aview.TextGUI - 
 Line
    1  -   -   -   -   -   -   -   -   - 
    2  -   -   -   -   -   -   -   -   - 
    3  -   -   -   -   -   -   -   -   - 
    4  -   -   -   -   -   -   -   -   - 
    5  -   -   -   -   -   -   -   -   - 
    6  -   -   -   -   -   -   -   -   - 
    7  -   -   -   -   -   -   -   -   - 
    8  -   -   -   -   -   -   -   -   - 
    9  -   -   -   -   -   -   -   -   - 
       1   2   3   4   5   6   7   8   9 
       Column

INFO main aview.TextGUI - Possible commands: q = quit, n = new Game, sS = small Field, sM = medium Field, sL = Large Field, xx-yy = reveal Field
INFO main aview.TextGUI - 
 Line
    1  2   -   -   -   -   -   -   -   - 
    2  -   -   -   -   -   -   -   -   - 
    3  -   -   -   -   -   -   -   -   - 
    4  -   -   -   -   -   -   -   -   - 
    5  -   -   -   -   -   -   -   -   - 
    6  -   -   -   -   -   -   -   -   - 
    7  -   -   -   -   -   -   -   -   - 
    8  -   -   -   -   -   -   -   -   - 
    9  -   -   -   -   -   -   -   -   - 
       1   2   3   4   5   6   7   8   9 
       Column

INFO main aview.TextGUI - Possible commands: q = quit, n = new Game, sS = small Field, sM = medium Field, sL = Large Field, xx-yy = reveal Field
INFO main aview.TextGUI - 
 Line
    1  2   -   -   -   -   -   -   -   - 
    2  -   -   -   -   -   -   -   -   - 
    3  -   -   -   -   -   -   -   -   - 
    4  -   -   -   -   -   -   -   -   - 
    5  -   -   -   -   -   -   -   -   - 
    6  -   -   -   -   -   -   -   -   - 
    7  -   -   -   -   -   -   -   -   - 
    8  -   -   -   -   -   -   -   -   - 
    9  -   -   -   -   -   -   -   -   1 
       1   2   3   4   5   6   7   8   9 
       Column

INFO main aview.TextGUI - Possible commands: q = quit, n = new Game, sS = small Field, sM = medium Field, sL = Large Field, xx-yy = reveal Field
INFO main aview.TextGUI - 
 Line
    1  2   -   -   -   -   -   -   -   1 
    2  -   -   -   -   -   -   -   -   - 
    3  -   -   -   -   -   -   -   -   - 
    4  -   -   -   -   -   -   -   -   - 
    5  -   -   -   -   -   -   -   -   - 
    6  -   -   -   -   -   -   -   -   - 
    7  -   -   -   -   -   -   -   -   - 
    8  -   -   -   -   -   -   -   -   - 
    9  -   -   -   -   -   -   -   -   1 
       1   2   3   4   5   6   7   8   9 
       Column

INFO main aview.TextGUI - Possible commands: q = quit, n = new Game, sS = small Field, sM = medium Field, sL = Large Field, xx-yy = reveal Field
INFO main aview.TextGUI - 
 Line
    1  2   -   -   -   -   -   -   -   1 
    2  -   -   -   -   -   -   -   -   - 
    3  1   2   -   -   -   -   3   1   1 
    4  0   1   -   2   2   2   1   0   0 
    5  0   1   1   1   0   0   0   0   0 
    6  0   0   0   0   0   1   1   1   0 
    7  0   0   0   0   0   1   -   2   1 
    8  0   0   0   0   0   1   2   -   - 
    9  0   0   0   0   0   0   1   -   1 
       1   2   3   4   5   6   7   8   9 
       Column

INFO main aview.TextGUI - Possible commands: q = quit, n = new Game, sS = small Field, sM = medium Field, sL = Large Field, xx-yy = reveal Field
INFO main aview.TextGUI - 
 Line
    1  2   -   -   -   -   -   -   -   1 
    2  -   -   -   -   -   -   -   -   - 
    3  -   -   -   -   -   -   -   -   - 
    4  0   -   -   -   -   -   -   0   0 
    5  0   -   -   -   0   0   0   0   0 
    6  0   0   0   0   0   -   -   -   0 
    7  0   0   0   0   0   -   -   -   - 
    8  0   0   0   0   0   -   -   -   - 
    9  0   0   0   0   0   0   -   -   1 
       1   2   3   4   5   6   7   8   9 
       Column

INFO main aview.TextGUI - Possible commands: q = quit, n = new Game, sS = small Field, sM = medium Field, sL = Large Field, xx-yy = reveal Field
INFO main aview.TextGUI - 
 Line
    1  2   -   -   -   -   -   -   -   1 
    2  -   -   -   -   -   -   -   -   - 
    3  1   2   -   -   -   -   3   1   1 
    4  0   1   -   2   2   2   1   0   0 
    5  0   1   1   1   0   0   0   0   0 
    6  0   0   0   0   0   1   1   1   0 
    7  0   0   0   0   0   1   -   2   1 
    8  0   0   0   0   0   1   2   -   - 
    9  0   0   0   0   0   0   1   -   1 
       1   2   3   4   5   6   7   8   9 
       Column

INFO main aview.TextGUI - Possible commands: q = quit, n = new Game, sS = small Field, sM = medium Field, sL = Large Field, xx-yy = reveal Field
INFO main aview.TextGUI - 
 Line
    1  2   -   -   -   -   -   -   -   1 
    2  -   -   -   -   -   -   -   -   - 
    3  -   -   -   -   -   -   -   -   - 
    4  0   -   -   -   -   -   -   0   0 
    5  0   -   -   -   0   0   0   0   0 
    6  0   0   0   0   0   -   -   -   0 
    7  0   0   0   0   0   -   -   -   - 
    8  0   0   0   0   0   -   -   -   - 
    9  0   0   0   0   0   0   -   -   1 
       1   2   3   4   5   6   7   8   9 
       Column

INFO main aview.TextGUI - Possible commands: q = quit, n = new Game, sS = small Field, sM = medium Field, sL = Large Field, xx-yy = reveal Field
INFO main aview.TextGUI - 
 Line
    1  -   -   -   -   -   -   -   -   - 
    2  -   -   -   -   -   -   -   -   - 
    3  -   -   -   -   -   -   -   -   - 
    4  -   -   -   -   -   -   -   -   - 
    5  -   -   -   -   -   -   -   -   - 
    6  -   -   -   -   -   -   -   -   - 
    7  -   -   -   -   -   -   -   -   - 
    8  -   -   -   -   -   -   -   -   - 
    9  -   -   -   -   -   -   -   -   - 
       1   2   3   4   5   6   7   8   9 
       Column

INFO main aview.TextGUI - Possible commands: q = quit, n = new Game, sS = small Field, sM = medium Field, sL = Large Field, xx-yy = reveal Field
INFO main aview.TextGUI - 
 Line
    1  0   0   0   0   0   0   1   -   - 
    2  1   1   1   2   3   3   3   -   - 
    3  -   -   -   -   -   -   -   -   - 
    4  -   -   -   -   -   -   -   -   - 
    5  -   -   -   -   -   -   -   -   - 
    6  -   -   -   -   -   -   -   -   - 
    7  -   -   -   -   -   -   -   -   - 
    8  -   -   -   -   -   -   -   -   - 
    9  -   -   -   -   -   -   -   -   - 
       1   2   3   4   5   6   7   8   9 
       Column

INFO main aview.TextGUI - Possible commands: q = quit, n = new Game, sS = small Field, sM = medium Field, sL = Large Field, xx-yy = reveal Field
INFO main aview.TextGUI - 
 Line
    1  -   -   -   -   -   -   -   -   - 
    2  -   -   -   -   -   -   -   -   - 
    3  -   -   -   -   -   -   -   -   - 
    4  -   -   -   -   -   -   -   -   - 
    5  -   -   -   -   -   -   -   -   - 
    6  -   -   -   -   -   -   -   -   - 
    7  -   -   -   -   -   -   -   -   - 
    8  -   -   -   -   -   -   -   -   - 
    9  -   -   -   -   -   -   -   -   - 
       1   2   3   4   5   6   7   8   9 
       Column

INFO main aview.TextGUI - Possible commands: q = quit, n = new Game, sS = small Field, sM = medium Field, sL = Large Field, xx-yy = reveal Field
INFO main aview.TextGUI - 
 Line
    1  0   0   0   0   0   0   1   -   - 
    2  1   1   1   2   3   3   3   -   - 
    3  -   -   -   -   -   -   -   -   - 
    4  -   -   -   -   -   -   -   -   - 
    5  -   -   -   -   -   -   -   -   - 
    6  -   -   -   -   -   -   -   -   - 
    7  -   -   -   -   -   -   -   -   - 
    8  -   -   -   -   -   -   -   -   - 
    9  -   -   -   -   -   -   -   -   - 
       1   2   3   4   5   6   7   8   9 
       Column

INFO main aview.TextGUI - Possible commands: q = quit, n = new Game, sS = small Field, sM = medium Field, sL = Large Field, xx-yy = reveal Field
INFO main aview.TextGUI - 
 Line
    1  0   0   0   0   0   0   1   -   - 
    2  1   1   1   2   3   3   3   2   1 
    3  -   -   -   -   -   -   -   1   0 
    4  -   -   -   3   3   3   -   1   0 
    5  -   -   -   1   0   1   -   1   0 
    6  -   2   1   1   0   1   -   1   0 
    7  -   1   0   0   0   1   1   1   0 
    8  -   1   0   0   0   0   0   0   0 
    9  -   1   0   0   0   0   0   0   0 
       1   2   3   4   5   6   7   8   9 
       Column

INFO main aview.TextGUI - Possible commands: q = quit, n = new Game, sS = small Field, sM = medium Field, sL = Large Field, xx-yy = reveal Field
INFO main aview.TextGUI - 
 Line
    1  0   0   0   0   0   0   1   -   - 
    2  1   1   1   2   3   3   3   -   - 
    3  -   -   -   -   -   -   -   -   - 
    4  -   -   -   -   -   -   -   -   - 
    5  -   -   -   -   -   -   -   -   - 
    6  -   -   -   -   -   -   -   -   - 
    7  -   -   -   -   -   -   -   -   - 
    8  -   -   -   -   -   -   -   -   - 
    9  -   -   -   -   -   -   -   -   - 
       1   2   3   4   5   6   7   8   9 
       Column

INFO main aview.TextGUI - Possible commands: q = quit, n = new Game, sS = small Field, sM = medium Field, sL = Large Field, xx-yy = reveal Field
INFO main aview.TextGUI - 
 Line
    1  -   -   -   -   -   -   -   -   - 
    2  -   -   -   -   -   -   -   -   - 
    3  -   -   -   -   -   -   -   -   - 
    4  -   -   -   -   -   -   -   -   - 
    5  -   -   -   -   -   -   -   -   - 
    6  -   -   -   -   -   -   -   -   - 
    7  -   -   -   -   -   -   -   -   - 
    8  -   -   -   -   -   -   -   -   - 
    9  -   -   -   -   -   -   -   -   - 
       1   2   3   4   5   6   7   8   9 
       Column

INFO main aview.TextGUI - Possible commands: q = quit, n = new Game, sS = small Field, sM = medium Field, sL = Large Field, xx-yy = reveal Field
INFO main aview.TextGUI - 
 Line
    1  0   0   0   0   0   0   1   -   - 
    2  1   1   1   2   3   3   3   -   - 
    3  -   -   -   -   -   -   -   -   - 
    4  -   -   -   -   -   -   -   -   - 
    5  -   -   -   -   -   -   -   -   - 
    6  -   -   -   -   -   -   -   -   - 
    7  -   -   -   -   -   -   -   -   - 
    8  -   -   -   -   -   -   -   -   - 
    9  -   -   -   -   -   -   -   -   - 
       1   2   3   4   5   6   7   8   9 
       Column

INFO main aview.TextGUI - Possible commands: q = quit, n = new Game, sS = small Field, sM = medium Field, sL = Large Field, xx-yy = reveal Field
INFO main aview.TextGUI - 
 Line
    1  0   0   0   0   0   0   1   -   - 
    2  1   1   1   2   3   3   3   2   1 
    3  -   -   -   -   -   -   -   1   0 
    4  -   -   -   3   3   3   -   1   0 
    5  -   -   -   1   0   1   -   1   0 
    6  -   2   1   1   0   1   -   1   0 
    7  -   1   0   0   0   1   1   1   0 
    8  -   1   0   0   0   0   0   0   0 
    9  -   1   0   0   0   0   0   0   0 
       1   2   3   4   5   6   7   8   9 
       Column

INFO main aview.TextGUI - Possible commands: q = quit, n = new Game, sS = small Field, sM = medium Field, sL = Large Field, xx-yy = reveal Field
INFO main aview.TextGUI - 
 Line
    1  0   0   0   0   0   0   1   -   - 
    2  1   1   1   2   3   3   3   2   1 
    3  -   -   -   -   -   -   -   1   0 
    4  -   -   -   3   3   3   -   1   0 
    5  -   -   -   1   0   1   -   1   0 
    6  -   2   1   1   0   1   -   1   0 
    7  -   1   0   0   0   1   1   1   0 
    8  -   1   0   0   0   0   0   0   0 
    9  -   1   0   0   0   0   0   0   0 
       1   2   3   4   5   6   7   8   9 
       Column

INFO main aview.TextGUI - Possible commands: q = quit, n = new Game, sS = small Field, sM = medium Field, sL = Large Field, xx-yy = reveal Field
INFO main aview.TextGUI - 
 Line
    1  0   0   0   0   0   0   1   -   - 
    2  1   1   1   2   3   3   3   2   1 
    3  -   -   -   -   -   -   -   1   0 
    4  -   -   -   3   3   3   -   1   0 
    5  -   -   -   1   0   1   -   1   0 
    6  -   2   1   1   0   1   -   1   0 
    7  -   1   0   0   0   1   1   1   0 
    8  -   1   0   0   0   0   0   0   0 
    9  -   1   0   0   0   0   0   0   0 
       1   2   3   4   5   6   7   8   9 
       Column

INFO main aview.TextGUI - Possible commands: q = quit, n = new Game, sS = small Field, sM = medium Field, sL = Large Field, xx-yy = reveal Field
INFO main aview.TextGUI - 
 Line
    1  0   0   0   0   0   0   1   -   - 
    2  1   1   1   2   3   3   3   2   1 
    3  -   -   -   -   -   -   -   1   0 
    4  -   -   -   3   3   3   -   1   0 
    5  -   -   -   1   0   1   -   1   0 
    6  -   2   1   1   0   1   -   1   0 
    7  -   1   0   0   0   1   1   1   0 
    8  -   1   0   0   0   0   0   0   0 
    9  -   1   0   0   0   0   0   0   0 
       1   2   3   4   5   6   7   8   9 
       Column

INFO main aview.TextGUI - Possible commands: q = quit, n = new Game, sS = small Field, sM = medium Field, sL = Large Field, xx-yy = reveal Field
INFO main aview.TextGUI - 
 Line
    1  0   0   0   0   0   0   1   -   - 
    2  1   1   1   2   3   3   3   -   - 
    3  -   -   -   -   -   -   -   -   - 
    4  -   -   -   -   -   -   -   -   - 
    5  -   -   -   -   -   -   -   -   - 
    6  -   -   -   -   -   -   -   -   - 
    7  -   -   -   -   -   -   -   -   - 
    8  -   -   -   -   -   -   -   -   - 
    9  -   -   -   -   -   -   -   -   - 
       1   2   3   4   5   6   7   8   9 
       Column

INFO main aview.TextGUI - Possible commands: q = quit, n = new Game, sS = small Field, sM = medium Field, sL = Large Field, xx-yy = reveal Field
INFO main aview.TextGUI - 
 Line
    1  -   -   -   -   -   -   -   -   - 
    2  -   -   -   -   -   -   -   -   - 
    3  -   -   -   -   -   -   -   -   - 
    4  -   -   -   -   -   -   -   -   - 
    5  -   -   -   -   -   -   -   -   - 
    6  -   -   -   -   -   -   -   -   - 
    7  -   -   -   -   -   -   -   -   - 
    8  -   -   -   -   -   -   -   -   - 
    9  -   -   -   -   -   -   -   -   - 
       1   2   3   4   5   6   7   8   9 
       Column

INFO main aview.TextGUI - Possible commands: q = quit, n = new Game, sS = small Field, sM = medium Field, sL = Large Field, xx-yy = reveal Field
INFO main aview.TextGUI - 
 Line
    1  -   -   -   -   -   -   -   -   - 
    2  -   -   -   -   -   -   -   -   - 
    3  -   -   -   -   -   -   -   -   - 
    4  -   -   -   -   -   -   -   -   - 
    5  -   -   -   -   -   -   -   -   - 
    6  -   -   -   -   -   -   -   -   - 
    7  -   -   -   -   -   -   -   -   - 
    8  -   -   -   -   -   -   -   -   - 
    9  -   -   -   -   -   -   -   -   - 
       1   2   3   4   5   6   7   8   9 
       Column

INFO main aview.TextGUI - Possible commands: q = quit, n = new Game, sS = small Field, sM = medium Field, sL = Large Field, xx-yy = reveal Field
INFO main aview.TextGUI - 
 Line
    1  -   -   -   -   -   -   -   -   - 
    2  -   -   -   -   -   -   -   -   - 
    3  -   -   -   -   -   -   -   -   - 
    4  -   -   -   -   -   -   -   -   - 
    5  -   -   -   -   -   -   -   -   - 
    6  -   -   -   -   -   -   -   -   - 
    7  -   -   -   -   -   -   -   -   - 
    8  -   -   -   -   -   -   -   -   - 
    9  -   -   -   -   -   -   -   -   - 
       1   2   3   4   5   6   7   8   9 
       Column

INFO main aview.TextGUI - Possible commands: q = quit, n = new Game, sS = small Field, sM = medium Field, sL = Large Field, xx-yy = reveal Field
INFO main aview.TextGUI - 
 Line
    1  0   0   1   -   -   -   -   -   - 
    2  0   0   1   -   -   -   -   -   - 
    3  1   1   1   -   -   -   -   -   - 
    4  -   -   -   -   -   -   -   -   - 
    5  -   -   -   -   -   -   -   -   - 
    6  -   -   -   -   -   -   -   -   - 
    7  -   -   -   -   -   -   -   -   - 
    8  -   -   -   -   -   -   -   -   - 
    9  -   -   -   -   -   -   -   -   - 
       1   2   3   4   5   6   7   8   9 
       Column

INFO main aview.TextGUI - Possible commands: q = quit, n = new Game, sS = small Field, sM = medium Field, sL = Large Field, xx-yy = reveal Field
INFO main aview.TextGUI - 
 Line
    1  0   0   1   -   -   -   1   0   0 
    2  0   0   1   -   -   -   1   0   0 
    3  1   1   1   -   -   -   1   0   0 
    4  -   -   -   -   -   -   1   0   0 
    5  -   -   -   -   -   -   2   0   0 
    6  -   -   -   -   -   -   2   0   0 
    7  -   -   -   -   -   -   3   0   0 
    8  -   -   -   -   -   -   2   0   0 
    9  -   -   -   -   -   -   1   0   0 
       1   2   3   4   5   6   7   8   9 
       Column

INFO main aview.TextGUI - Possible commands: q = quit, n = new Game, sS = small Field, sM = medium Field, sL = Large Field, xx-yy = reveal Field
INFO main aview.TextGUI - 
 Line
    1  0   0   1   -   -   -   1   0   0 
    2  0   0   1   -   -   -   1   0   0 
    3  1   1   1   -   -   -   1   0   0 
    4  -   -   -   -   -   -   1   0   0 
    5  -   -   -   -   -   -   2   0   0 
    6  -   -   -   -   -   -   2   0   0 
    7  -   -   -   -   -   -   3   0   0 
    8  -   -   -   -   -   -   2   0   0 
    9  1   -   -   -   -   -   1   0   0 
       1   2   3   4   5   6   7   8   9 
       Column

INFO main aview.TextGUI - Possible commands: q = quit, n = new Game, sS = small Field, sM = medium Field, sL = Large Field, xx-yy = reveal Field
INFO main aview.TextGUI - 
 Line
    1  0   0   1   -   -   -   1   0   0 
    2  0   0   1   -   -   -   1   0   0 
    3  1   1   1   -   -   -   1   0   0 
    4  -   -   -   -   -   -   1   0   0 
    5  -   -   -   -   -   -   2   0   0 
    6  -   -   -   -   -   *   2   0   0 
    7  -   -   -   -   -   -   3   0   0 
    8  -   -   -   -   -   -   2   0   0 
    9  1   -   -   -   -   -   1   0   0 
       1   2   3   4   5   6   7   8   9 
       Column

INFO main aview.TextGUI - Possible commands: q = quit, n = new Game, sS = small Field, sM = medium Field, sL = Large Field, xx-yy = reveal Field
INFO main aview.TextGUI - GAME OVER!!!
INFO main aview.TextGUI - 
 Line
    1  -   -   -   -   -   -   -   -   - 
    2  -   -   -   -   -   -   -   -   - 
    3  -   -   -   -   -   -   -   -   - 
    4  -   -   -   -   -   -   -   -   - 
    5  -   -   -   -   -   -   -   -   - 
    6  -   -   -   -   -   -   -   -   - 
    7  -   -   -   -   -   -   -   -   - 
    8  -   -   -   -   -   -   -   -   - 
    9  -   -   -   -   -   -   -   -   - 
       1   2   3   4   5   6   7   8   9 
       Column

INFO main aview.TextGUI - Possible commands: q = quit, n = new Game, sS = small Field, sM = medium Field, sL = Large Field, xx-yy = reveal Field, u = undo, r = redo
INFO main aview.TextGUI - 
 Line
    1  0   1   -   -   -   -   -   -   - 
    2  0   1   1   3   -   -   -   -   - 
    3  0   0   0   2   -   -   -   -   - 
    4  1   1   1   2   -   -   -   -   - 
    5  -   -   -   -   -   -   -   -   - 
    6  -   -   -   -   -   -   -   -   - 
    7  -   -   -   -   -   -   -   -   - 
    8  -   -   -   -   -   -   -   -   - 
    9  -   -   -   -   -   -   -   -   - 
       1   2   3   4   5   6   7   8   9 
       Column

INFO main aview.TextGUI - Possible commands: q = quit, n = new Game, sS = small Field, sM = medium Field, sL = Large Field, xx-yy = reveal Field, u = undo, r = redo
INFO main aview.TextGUI - 
 Line
    1  -   -   -   -   -   -   -   -   - 
    2  -   -   -   -   -   -   -   -   - 
    3  -   -   -   -   -   -   -   -   - 
    4  -   -   -   -   -   -   -   -   - 
    5  -   -   -   -   -   -   -   -   - 
    6  -   -   -   -   -   -   -   -   - 
    7  -   -   -   -   -   -   -   -   - 
    8  -   -   -   -   -   -   -   -   - 
    9  -   -   -   -   -   -   -   -   - 
       1   2   3   4   5   6   7   8   9 
       Column

INFO main aview.TextGUI - Possible commands: q = quit, n = new Game, sS = small Field, sM = medium Field, sL = Large Field, xx-yy = reveal Field, u = undo, r = redo
INFO main aview.TextGUI - 
 Line
    1  -   -   -   -   -   -   1   0   0 
    2  -   -   -   -   -   3   1   0   0 
    3  -   -   -   -   -   2   0   0   0 
    4  -   -   -   -   -   2   0   0   0 
    5  -   -   -   2   1   1   0   0   0 
    6  -   -   -   2   0   0   0   0   0 
    7  -   -   -   2   0   0   0   0   0 
    8  1   2   1   1   0   0   0   0   0 
    9  0   0   0   0   0   0   0   0   0 
       1   2   3   4   5   6   7   8   9 
       Column

INFO main aview.TextGUI - Possible commands: q = quit, n = new Game, sS = small Field, sM = medium Field, sL = Large Field, xx-yy = reveal Field, u = undo, r = redo
INFO main aview.TextGUI - 
 Line
    1  -   -   -   -   -   -   1   0   0 
    2  -   -   -   -   -   3   1   0   0 
    3  -   -   -   -   -   2   0   0   0 
    4  -   -   -   -   -   2   0   0   0 
    5  -   -   -   2   1   1   0   0   0 
    6  -   -   -   2   0   0   0   0   0 
    7  -   -   -   2   0   0   0   0   0 
    8  1   2   1   1   0   0   0   0   0 
    9  0   0   0   0   0   0   0   0   0 
       1   2   3   4   5   6   7   8   9 
       Column

INFO main aview.TextGUI - Possible commands: q = quit, n = new Game, sS = small Field, sM = medium Field, sL = Large Field, xx-yy = reveal Field, u = undo, r = redo
INFO main aview.TextGUI - 
 Line
    1  -   -   -   -   -   -   1   0   0 
    2  -   -   -   -   -   3   1   0   0 
    3  -   -   -   -   -   2   0   0   0 
    4  -   -   -   -   -   2   0   0   0 
    5  -   -   -   2   1   1   0   0   0 
    6  -   -   -   2   0   0   0   0   0 
    7  -   -   -   2   0   0   0   0   0 
    8  1   2   1   1   0   0   0   0   0 
    9  0   0   0   0   0   0   0   0   0 
       1   2   3   4   5   6   7   8   9 
       Column

INFO main aview.TextGUI - Possible commands: q = quit, n = new Game, sS = small Field, sM = medium Field, sL = Large Field, xx-yy = reveal Field, u = undo, r = redo
INFO main aview.TextGUI - 
 Line
    1  -   -   -   -   -   -   -   -   - 
    2  -   -   -   -   -   -   -   -   - 
    3  -   -   -   -   -   -   -   -   - 
    4  -   -   -   -   -   -   -   -   - 
    5  -   -   -   -   -   -   -   -   - 
    6  -   -   -   -   -   -   -   -   - 
    7  -   -   -   -   -   -   -   -   - 
    8  -   -   -   -   -   -   -   -   - 
    9  -   -   -   -   -   -   -   -   - 
       1   2   3   4   5   6   7   8   9 
       Column

INFO main aview.TextGUI - Possible commands: q = quit, n = new Game, sS = small Field, sM = medium Field, sL = Large Field, xx-yy = reveal Field, u = undo, r = redo
INFO main aview.TextGUI - 
 Line
    1  -   -   -   -   -   -   -   -   - 
    2  -   -   -   -   -   -   -   -   - 
    3  -   -   -   -   -   -   -   -   - 
    4  -   -   -   -   -   -   -   -   - 
    5  -   -   -   -   -   -   -   -   - 
    6  -   -   -   -   -   -   -   -   - 
    7  -   -   -   -   -   -   -   -   - 
    8  -   -   -   -   -   -   -   -   - 
    9  -   -   -   -   -   -   -   -   - 
       1   2   3   4   5   6   7   8   9 
       Column

INFO main aview.TextGUI - Possible commands: q = quit, n = new Game, sS = small Field, sM = medium Field, sL = Large Field, xx-yy = reveal Field, u = undo, r = redo
INFO main aview.TextGUI - 
 Line
    1  0   2   -   -   -   -   -   -   - 
    2  0   2   -   -   -   -   -   -   - 
    3  0   1   -   -   -   -   -   -   - 
    4  1   1   -   -   -   -   -   -   - 
    5  -   -   -   -   -   -   -   -   - 
    6  -   -   -   -   -   -   -   -   - 
    7  -   -   -   -   -   -   -   -   - 
    8  -   -   -   -   -   -   -   -   - 
    9  -   -   -   -   -   -   -   -   - 
       1   2   3   4   5   6   7   8   9 
       Column

INFO main aview.TextGUI - Possible commands: q = quit, n = new Game, sS = small Field, sM = medium Field, sL = Large Field, xx-yy = reveal Field, u = undo, r = redo
INFO main aview.TextGUI - 
 Line
    1  -   -   -   -   -   -   -   -   - 
    2  -   -   -   -   -   -   -   -   - 
    3  -   -   -   -   -   -   -   -   - 
    4  -   -   -   -   -   -   -   -   - 
    5  -   -   -   -   -   -   -   -   - 
    6  -   -   -   -   -   -   -   -   - 
    7  -   -   -   -   -   -   -   -   - 
    8  -   -   -   -   -   -   -   -   - 
    9  -   -   -   -   -   -   -   -   - 
       1   2   3   4   5   6   7   8   9 
       Column

INFO main aview.TextGUI - Possible commands: q = quit, n = new Game, sS = small Field, sM = medium Field, sL = Large Field, xx-yy = reveal Field, u = undo, r = redo
INFO main aview.TextGUI - 
 Line
    1  0   0   0   1   -   -   -   -   - 
    2  0   0   0   1   -   -   -   -   - 
    3  0   0   0   1   -   -   -   -   - 
    4  2   2   1   1   -   -   -   -   - 
    5  -   -   -   -   -   -   -   -   - 
    6  -   -   -   -   -   -   -   -   - 
    7  -   -   -   -   -   -   -   -   - 
    8  -   -   -   -   -   -   -   -   - 
    9  -   -   -   -   -   -   -   -   - 
       1   2   3   4   5   6   7   8   9 
       Column

INFO main aview.TextGUI - Possible commands: q = quit, n = new Game, sS = small Field, sM = medium Field, sL = Large Field, xx-yy = reveal Field, u = undo, r = redo
INFO main aview.TextGUI - 
 Line
    1  0   0   0   1   -   -   -   -   - 
    2  0   0   0   1   -   -   -   -   - 
    3  0   0   0   1   -   -   -   -   - 
    4  2   2   1   1   -   -   -   -   - 
    5  -   -   -   -   -   -   -   -   - 
    6  -   -   -   -   -   -   -   -   - 
    7  -   -   -   -   -   -   -   -   - 
    8  -   -   -   -   -   -   -   -   - 
    9  -   -   -   -   -   -   -   -   1 
       1   2   3   4   5   6   7   8   9 
       Column

INFO main aview.TextGUI - Possible commands: q = quit, n = new Game, sS = small Field, sM = medium Field, sL = Large Field, xx-yy = reveal Field, u = undo, r = redo
INFO main aview.TextGUI - 
 Line
    1  0   0   0   1   -   -   -   -   - 
    2  0   0   0   1   -   -   -   -   - 
    3  0   0   0   1   -   -   -   -   - 
    4  2   2   1   1   -   -   -   -   - 
    5  -   -   -   -   -   -   -   -   - 
    6  -   -   -   -   -   -   -   -   - 
    7  -   -   -   -   -   -   -   -   - 
    8  -   -   -   -   -   -   -   -   - 
    9  -   -   -   -   -   -   -   -   1 
       1   2   3   4   5   6   7   8   9 
       Column

INFO main aview.TextGUI - Possible commands: q = quit, n = new Game, sS = small Field, sM = medium Field, sL = Large Field, xx-yy = reveal Field, u = undo, r = redo
INFO main aview.TextGUI - 
 Line
    1  0   0   0   1   -   -   -   -   - 
    2  0   0   0   1   -   -   -   -   - 
    3  0   0   0   1   -   -   -   -   - 
    4  2   2   1   1   -   -   -   -   - 
    5  -   -   -   -   -   -   -   -   - 
    6  -   -   -   -   -   -   -   -   - 
    7  -   -   -   -   -   -   -   -   - 
    8  -   -   -   -   -   -   -   -   - 
    9  -   -   -   -   -   -   -   -   - 
       1   2   3   4   5   6   7   8   9 
       Column

INFO main aview.TextGUI - Possible commands: q = quit, n = new Game, sS = small Field, sM = medium Field, sL = Large Field, xx-yy = reveal Field, u = undo, r = redo
INFO main aview.TextGUI - 
 Line
    1  -   -   -   -   -   -   -   -   - 
    2  -   -   -   -   -   -   -   -   - 
    3  -   -   -   -   -   -   -   -   - 
    4  -   -   -   -   -   -   -   -   - 
    5  -   -   -   -   -   -   -   -   - 
    6  -   -   -   -   -   -   -   -   - 
    7  -   -   -   -   -   -   -   -   - 
    8  -   -   -   -   -   -   -   -   - 
    9  -   -   -   -   -   -   -   -   - 
       1   2   3   4   5   6   7   8   9 
       Column

INFO main aview.TextGUI - Possible commands: q = quit, n = new Game, sS = small Field, sM = medium Field, sL = Large Field, xx-yy = reveal Field, u = undo, r = redo
INFO main aview.TextGUI - 
 Line
    1  -   -   -   -   -   -   -   -   -   -   -   -   -   -   -   -   -   -   -   -   -   -   -   -   -   -   -   -   -   - 
    2  -   -   -   -   -   -   -   -   -   -   -   -   -   -   -   -   -   -   -   -   -   -   -   -   -   -   -   -   -   - 
    3  -   -   -   -   -   -   -   -   -   -   -   -   -   -   -   -   -   -   -   -   -   -   -   -   -   -   -   -   -   - 
    4  -   -   -   -   -   -   -   -   -   -   -   -   -   -   -   -   -   -   -   -   -   -   -   -   -   -   -   -   -   - 
    5  -   -   -   -   -   -   -   -   -   -   -   -   -   -   -   -   -   -   -   -   -   -   -   -   -   -   -   -   -   - 
    6  -   -   -   -   -   -   -   -   -   -   -   -   -   -   -   -   -   -   -   -   -   -   -   -   -   -   -   -   -   - 
    7  -   -   -   -   -   -   -   -   -   -   -   -   -   -   -   -   -   -   -   -   -   -   -   -   -   -   -   -   -   - 
    8  -   -   -   -   -   -   -   -   -   -   -   -   -   -   -   -   -   -   -   -   -   -   -   -   -   -   -   -   -   - 
    9  -   -   -   -   -   -   -   -   -   -   -   -   -   -   -   -   -   -   -   -   -   -   -   -   -   -   -   -   -   - 
   10  -   -   -   -   -   -   -   -   -   -   -   -   -   -   -   -   -   -   -   -   -   -   -   -   -   -   -   -   -   - 
   11  -   -   -   -   -   -   -   -   -   -   -   -   -   -   -   -   -   -   -   -   -   -   -   -   -   -   -   -   -   - 
   12  -   -   -   -   -   -   -   -   -   -   -   -   -   -   -   -   -   -   -   -   -   -   -   -   -   -   -   -   -   - 
   13  -   -   -   -   -   -   -   -   -   -   -   -   -   -   -   -   -   -   -   -   -   -   -   -   -   -   -   -   -   - 
   14  -   -   -   -   -   -   -   -   -   -   -   -   -   -   -   -   -   -   -   -   -   -   -   -   -   -   -   -   -   - 
   15  -   -   -   -   -   -   -   -   -   -   -   -   -   -   -   -   -   -   -   -   -   -   -   -   -   -   -   -   -   - 
   16  -   -   -   -   -   -   -   -   -   -   -   -   -   -   -   -   -   -   -   -   -   -   -   -   -   -   -   -   -   - 
       1   2   3   4   5   6   7   8   9  10  11  12  13  14  15  16  17  18  19  20  21  22  23  24  25  26  27  28  29  30 
       Column

INFO main aview.TextGUI - Possible commands: q = quit, n = new Game, sS = small Field, sM = medium Field, sL = Large Field, xx-yy = reveal Field, u = undo, r = redo
INFO main aview.TextGUI - 
 Line
    1  -   -   -   -   -   -   -   -   -   -   -   -   -   -   -   -   -   -   -   -   -   -   -   -   -   -   -   -   -   - 
    2  -   -   -   -   -   -   -   -   -   -   -   -   -   -   -   -   -   -   -   -   -   -   -   -   -   -   -   -   -   - 
    3  -   -   -   -   -   -   -   -   -   -   -   -   -   -   -   -   -   -   -   -   -   -   -   -   -   -   -   -   -   - 
    4  -   -   -   -   -   -   -   -   -   -   -   -   -   -   -   -   -   -   -   -   -   -   -   -   -   -   -   -   -   - 
    5  -   -   -   -   -   -   -   -   -   -   -   -   -   -   -   -   -   -   -   -   -   -   -   -   -   -   -   -   -   - 
    6  -   -   -   -   -   -   -   -   -   -   -   -   -   -   -   -   -   -   -   -   -   -   -   -   -   -   -   -   -   - 
    7  -   -   -   -   -   -   -   -   -   -   -   -   -   -   -   -   -   -   -   -   -   -   -   -   -   -   -   -   -   - 
    8  -   -   -   -   -   -   -   -   -   -   -   -   -   -   -   -   -   -   -   -   -   -   -   -   -   -   -   -   -   - 
    9  -   -   -   -   -   -   -   -   -   -   -   -   -   -   -   -   -   -   -   -   -   -   -   -   -   -   -   -   -   - 
   10  -   -   -   -   -   -   -   -   -   -   -   -   -   -   -   -   -   -   -   -   -   -   -   -   -   -   -   -   -   - 
   11  -   -   -   -   -   -   -   -   -   -   -   -   -   -   -   -   -   -   -   -   -   -   -   -   -   -   -   -   -   - 
   12  -   -   -   -   -   -   -   -   -   -   -   -   -   -   -   -   -   -   -   -   -   -   -   -   -   -   -   -   -   - 
   13  -   -   -   -   -   -   -   -   -   -   -   -   -   -   -   -   -   -   -   -   -   -   -   -   -   -   -   -   -   - 
   14  -   -   -   -   -   -   -   -   -   -   -   -   3   2   1   1   -   2   2   2   2   1   1   1   2   -   -   -   -   - 
   15  -   -   -   -   -   -   -   -   -   -   -   -   1   0   0   1   1   1   0   0   0   0   0   0   1   3   -   -   -   - 
   16  -   -   -   -   -   -   -   -   -   -   -   -   1   0   0   0   0   0   0   0   0   0   0   0   0   1   -   -   -   - 
       1   2   3   4   5   6   7   8   9  10  11  12  13  14  15  16  17  18  19  20  21  22  23  24  25  26  27  28  29  30 
       Column

INFO main aview.TextGUI - Possible commands: q = quit, n = new Game, sS = small Field, sM = medium Field, sL = Large Field, xx-yy = reveal Field, u = undo, r = redo
INFO main aview.TextGUI - 
 Line
    1  -   -   -   -   -   -   -   -   -   -   -   -   -   -   -   -   -   -   -   -   -   -   -   -   -   -   -   -   -   - 
    2  -   -   -   -   -   -   -   -   -   -   -   -   -   -   -   -   -   -   -   -   -   -   -   -   -   -   -   -   -   - 
    3  -   -   -   -   -   -   -   -   -   -   -   -   -   -   -   -   -   -   -   -   -   -   -   -   -   -   -   -   -   - 
    4  -   -   -   -   -   -   -   -   -   -   -   -   -   -   -   -   -   -   -   -   -   -   -   -   -   -   -   -   -   - 
    5  -   -   -   -   -   -   -   -   -   -   -   -   -   -   -   -   -   -   -   -   -   -   -   -   -   -   -   -   -   - 
    6  -   -   -   -   -   -   -   -   -   -   -   -   -   -   -   -   -   -   -   -   -   -   -   -   -   -   -   -   -   - 
    7  -   -   -   -   -   -   -   -   -   -   -   -   -   -   -   -   -   -   -   -   -   -   -   -   -   -   -   -   -   - 
    8  -   -   -   -   -   -   -   -   -   -   -   -   -   -   -   -   -   -   -   -   -   -   -   -   -   -   -   -   -   - 
    9  -   -   -   -   -   -   -   -   -   -   -   -   -   -   -   -   -   -   -   -   -   -   -   -   -   -   -   -   -   - 
   10  -   -   -   -   -   -   -   -   -   -   -   -   -   -   -   -   -   -   -   -   -   -   -   -   -   -   -   -   -   - 
   11  -   -   -   -   -   -   -   -   -   -   -   -   -   -   -   -   -   -   -   -   -   -   -   -   -   -   -   -   -   - 
   12  -   -   -   -   -   -   -   -   -   -   -   -   -   -   -   -   -   -   -   -   -   -   -   -   -   -   -   -   -   - 
   13  -   -   -   -   -   -   -   -   -   -   -   -   -   -   -   -   -   -   -   -   -   -   -   -   -   -   -   -   -   - 
   14  -   -   -   -   -   -   -   -   -   -   -   -   -   -   -   -   -   -   -   -   -   -   -   -   -   -   -   -   -   - 
   15  -   -   -   -   -   -   -   -   -   -   -   -   -   -   -   -   -   -   -   -   -   -   -   -   -   -   -   -   -   - 
   16  -   -   -   -   -   -   -   -   -   -   -   -   -   -   -   -   -   -   -   -   -   -   -   -   -   -   -   -   -   - 
       1   2   3   4   5   6   7   8   9  10  11  12  13  14  15  16  17  18  19  20  21  22  23  24  25  26  27  28  29  30 
       Column

INFO main aview.TextGUI - Possible commands: q = quit, n = new Game, sS = small Field, sM = medium Field, sL = Large Field, xx-yy = reveal Field, u = undo, r = redo
INFO main aview.TextGUI - 
 Line
    1  -   -   -   -   -   -   -   -   -   -   -   -   -   -   -   -   -   -   -   -   -   -   -   -   -   -   -   -   -   - 
    2  -   -   -   -   -   -   -   -   -   -   -   -   -   -   -   -   -   -   -   -   -   -   -   -   -   -   -   -   -   - 
    3  -   -   -   -   -   -   -   -   -   -   -   -   -   -   -   -   -   -   -   -   -   -   -   -   -   -   -   -   -   - 
    4  -   -   -   -   -   -   -   -   -   -   -   -   -   -   -   -   -   -   -   -   -   -   -   -   -   -   -   -   -   - 
    5  -   -   -   -   -   -   -   -   -   -   -   -   -   -   -   -   -   -   -   -   -   -   -   -   -   -   -   -   -   - 
    6  -   -   -   -   -   -   -   -   -   -   -   -   -   -   -   -   -   -   -   -   -   -   -   -   -   -   -   -   -   - 
    7  -   -   -   -   -   -   -   -   -   -   -   -   -   -   -   -   -   -   -   -   -   -   -   -   -   -   -   -   -   - 
    8  -   -   -   -   -   -   -   -   -   -   -   -   -   -   -   -   -   -   -   -   -   -   -   -   -   -   -   -   -   - 
    9  -   -   -   -   -   -   -   -   -   -   -   -   -   -   -   -   -   -   -   -   -   -   -   -   -   -   -   -   -   - 
   10  -   -   -   -   -   -   -   -   -   -   -   -   -   -   -   -   -   -   -   -   -   -   -   -   -   -   -   -   -   - 
   11  -   -   -   -   -   -   -   -   -   -   -   -   -   -   -   -   -   -   -   -   -   -   -   -   -   -   -   -   -   - 
   12  -   -   -   -   -   -   -   -   -   -   -   -   -   -   -   -   -   -   -   -   -   -   -   -   -   -   -   -   -   - 
   13  -   -   -   -   -   -   -   -   -   -   -   -   -   -   -   -   -   -   -   -   -   -   -   -   -   -   -   -   -   - 
   14  -   -   -   -   -   -   -   -   -   -   -   -   3   2   1   1   -   2   2   2   2   1   1   1   2   -   -   -   -   - 
   15  -   -   -   -   -   -   -   -   -   -   -   -   1   0   0   1   1   1   0   0   0   0   0   0   1   3   -   -   -   - 
   16  -   -   -   -   -   -   -   -   -   -   -   -   1   0   0   0   0   0   0   0   0   0   0   0   0   1   -   -   -   - 
       1   2   3   4   5   6   7   8   9  10  11  12  13  14  15  16  17  18  19  20  21  22  23  24  25  26  27  28  29  30 
       Column

INFO main aview.TextGUI - Possible commands: q = quit, n = new Game, sS = small Field, sM = medium Field, sL = Large Field, xx-yy = reveal Field, u = undo, r = redo
INFO main aview.TextGUI - 
 Line
    1  -   -   -   -   -   -   -   -   -   -   -   -   -   -   -   -   -   -   -   -   -   -   -   -   -   -   -   -   -   - 
    2  -   -   -   -   -   -   -   -   -   -   -   -   -   -   -   -   -   -   -   -   -   -   -   -   -   -   -   -   -   - 
    3  -   -   -   -   -   -   -   -   -   -   -   -   -   -   -   -   -   -   -   -   -   -   -   -   -   -   -   -   -   - 
    4  -   -   -   -   -   -   -   -   -   -   -   -   -   -   -   -   -   -   -   -   -   -   -   -   -   -   -   -   -   - 
    5  -   -   -   -   -   -   -   -   -   -   -   -   -   -   -   -   -   -   -   -   -   -   -   -   -   -   -   -   -   - 
    6  -   -   -   -   -   -   -   -   -   -   -   -   -   -   -   -   -   -   -   -   -   -   -   -   -   -   -   -   -   - 
    7  -   -   -   -   -   -   -   -   -   -   -   -   -   -   -   -   -   -   -   -   -   -   -   -   -   -   -   -   -   - 
    8  -   -   -   -   -   -   -   -   -   -   -   -   -   -   -   -   -   -   -   -   -   -   -   -   -   -   -   -   -   - 
    9  -   -   -   -   -   -   -   -   -   -   -   -   -   -   -   -   -   -   -   -   -   -   -   -   -   -   -   -   -   - 
   10  -   -   -   -   -   -   -   -   -   -   -   -   -   -   -   -   -   -   -   -   -   -   -   -   -   -   -   -   -   - 
   11  -   -   -   -   -   -   -   -   -   -   -   -   -   -   -   -   -   -   -   -   -   -   -   -   -   -   -   -   -   - 
   12  -   -   -   -   -   -   -   -   -   -   -   -   -   -   -   -   -   -   -   -   -   -   -   -   -   -   -   -   -   - 
   13  -   -   -   -   -   -   -   -   -   -   -   -   -   -   -   -   -   -   -   -   -   -   -   -   -   -   -   -   -   - 
   14  -   -   -   -   -   -   -   -   -   -   -   -   -   -   -   -   -   -   -   -   -   -   -   -   -   -   -   -   -   - 
   15  -   -   -   -   -   -   -   -   -   -   -   -   -   -   -   -   -   -   -   -   -   -   -   -   -   -   -   -   -   - 
   16  -   -   -   -   -   -   -   -   -   -   -   -   -   -   -   -   -   -   -   -   -   -   -   -   -   -   -   -   -   - 
       1   2   3   4   5   6   7   8   9  10  11  12  13  14  15  16  17  18  19  20  21  22  23  24  25  26  27  28  29  30 
       Column

INFO main aview.TextGUI - Possible commands: q = quit, n = new Game, sS = small Field, sM = medium Field, sL = Large Field, xx-yy = reveal Field, u = undo, r = redo
INFO main aview.TextGUI - 
 Line
    1  -   -   -   -   -   -   -   -   - 
    2  -   -   -   -   -   -   -   -   - 
    3  -   -   -   -   -   -   -   -   - 
    4  -   -   -   -   -   -   -   -   - 
    5  -   -   -   -   -   -   -   -   - 
    6  -   -   -   -   -   -   -   -   - 
    7  -   -   -   -   -   -   -   -   - 
    8  -   -   -   -   -   -   -   -   - 
    9  -   -   -   -   -   -   -   -   - 
       1   2   3   4   5   6   7   8   9 
       Column

INFO main aview.TextGUI - Possible commands: q = quit, n = new Game, sS = small Field, sM = medium Field, sL = Large Field, xx-yy = reveal Field, u = undo, r = redo
INFO main aview.TextGUI - 
 Line
    1  0   0   1   -   -   -   -   -   - 
    2  1   1   1   -   -   -   -   -   - 
    3  -   -   -   -   -   -   -   -   - 
    4  -   -   -   -   -   -   -   -   - 
    5  -   -   -   -   -   -   -   -   - 
    6  -   -   -   -   -   -   -   -   - 
    7  -   -   -   -   -   -   -   -   - 
    8  -   -   -   -   -   -   -   -   - 
    9  -   -   -   -   -   -   -   -   - 
       1   2   3   4   5   6   7   8   9 
       Column

INFO main aview.TextGUI - Possible commands: q = quit, n = new Game, sS = small Field, sM = medium Field, sL = Large Field, xx-yy = reveal Field, u = undo, r = redo
INFO main aview.TextGUI - 
 Line
    1  -   -   -   -   -   -   -   -   -   -   -   -   -   -   -   -   -   -   -   -   -   -   -   -   -   -   -   -   -   - 
    2  -   -   -   -   -   -   -   -   -   -   -   -   -   -   -   -   -   -   -   -   -   -   -   -   -   -   -   -   -   - 
    3  -   -   -   -   -   -   -   -   -   -   -   -   -   -   -   -   -   -   -   -   -   -   -   -   -   -   -   -   -   - 
    4  -   -   -   -   -   -   -   -   -   -   -   -   -   -   -   -   -   -   -   -   -   -   -   -   -   -   -   -   -   - 
    5  -   -   -   -   -   -   -   -   -   -   -   -   -   -   -   -   -   -   -   -   -   -   -   -   -   -   -   -   -   - 
    6  -   -   -   -   -   -   -   -   -   -   -   -   -   -   -   -   -   -   -   -   -   -   -   -   -   -   -   -   -   - 
    7  -   -   -   -   -   -   -   -   -   -   -   -   -   -   -   -   -   -   -   -   -   -   -   -   -   -   -   -   -   - 
    8  -   -   -   -   -   -   -   -   -   -   -   -   -   -   -   -   -   -   -   -   -   -   -   -   -   -   -   -   -   - 
    9  -   -   -   -   -   -   -   -   -   -   -   -   -   -   -   -   -   -   -   -   -   -   -   -   -   -   -   -   -   - 
   10  -   -   -   -   -   -   -   -   -   -   -   -   -   -   -   -   -   -   -   -   -   -   -   -   -   -   -   -   -   - 
   11  -   -   -   -   -   -   -   -   -   -   -   -   -   -   -   -   -   -   -   -   -   -   -   -   -   -   -   -   -   - 
   12  -   -   -   -   -   -   -   -   -   -   -   -   -   -   -   -   -   -   -   -   -   -   -   -   -   -   -   -   -   - 
   13  -   -   -   -   -   -   -   -   -   -   -   -   -   -   -   -   -   -   -   -   -   -   -   -   -   -   -   -   -   - 
   14  -   -   -   -   -   -   -   -   -   -   -   -   -   -   -   -   -   -   -   -   -   -   -   -   -   -   -   -   -   - 
   15  -   -   -   -   -   -   -   -   -   -   -   -   -   -   -   -   -   -   -   -   -   -   -   -   -   -   -   -   -   - 
   16  -   -   -   -   -   -   -   -   -   -   -   -   -   -   -   -   -   -   -   -   -   -   -   -   -   -   -   -   -   - 
       1   2   3   4   5   6   7   8   9  10  11  12  13  14  15  16  17  18  19  20  21  22  23  24  25  26  27  28  29  30 
       Column

INFO main aview.TextGUI - Possible commands: q = quit, n = new Game, sS = small Field, sM = medium Field, sL = Large Field, xx-yy = reveal Field, u = undo, r = redo
INFO main aview.TextGUI - 
 Line
    1  -   -   -   -   -   -   -   -   - 
    2  -   -   -   -   -   -   -   -   - 
    3  -   -   -   -   -   -   -   -   - 
    4  -   -   -   -   -   -   -   -   - 
    5  -   -   -   -   -   -   -   -   - 
    6  -   -   -   -   -   -   -   -   - 
    7  -   -   -   -   -   -   -   -   - 
    8  -   -   -   -   -   -   -   -   - 
    9  -   -   -   -   -   -   -   -   - 
       1   2   3   4   5   6   7   8   9 
       Column

INFO main aview.TextGUI - Possible commands: q = quit, n = new Game, sS = small Field, sM = medium Field, sL = Large Field, xx-yy = reveal Field, u = undo, r = redo
INFO main aview.TextGUI - 
 Line
    1  -   -   -   -   -   -   -   -   - 
    2  -   -   -   -   -   -   -   -   - 
    3  -   -   -   -   -   -   -   -   - 
    4  -   -   -   -   -   -   -   -   - 
    5  -   -   -   -   -   -   -   -   - 
    6  -   -   -   -   -   -   -   -   - 
    7  -   -   -   -   -   -   -   -   - 
    8  -   -   -   -   -   -   -   -   - 
    9  -   -   -   -   -   -   -   -   1 
       1   2   3   4   5   6   7   8   9 
       Column

INFO main aview.TextGUI - Possible commands: q = quit, n = new Game, sS = small Field, sM = medium Field, sL = Large Field, xx-yy = reveal Field, u = undo, r = redo
INFO main aview.TextGUI - 
 Line
    1  -   -   -   -   -   -   -   -   - 
    2  -   -   -   -   -   -   -   -   - 
    3  -   -   -   -   -   -   -   -   - 
    4  -   -   -   -   -   -   -   -   - 
    5  -   -   -   -   -   -   -   -   - 
    6  -   -   -   -   -   -   -   -   - 
    7  -   -   -   -   -   -   -   -   - 
    8  -   -   -   -   -   -   -   -   - 
    9  -   -   -   -   -   -   -   -   - 
       1   2   3   4   5   6   7   8   9 
       Column

INFO main aview.TextGUI - Possible commands: q = quit, n = new Game, sS = small Field, sM = medium Field, sL = Large Field, xx-yy = reveal Field, u = undo, r = redo
INFO main aview.TextGUI - 
 Line
    1  -   -   -   -   -   -   -   -   - 
    2  -   -   -   -   -   -   -   -   - 
    3  -   -   -   -   -   -   -   -   - 
    4  -   -   -   -   -   -   -   -   - 
    5  -   -   -   -   -   -   -   -   - 
    6  -   -   -   -   -   -   -   -   - 
    7  -   -   -   -   -   -   -   -   - 
    8  -   -   -   -   -   -   -   -   - 
    9  -   -   -   -   -   -   -   -   1 
       1   2   3   4   5   6   7   8   9 
       Column

INFO main aview.TextGUI - Possible commands: q = quit, n = new Game, sS = small Field, sM = medium Field, sL = Large Field, xx-yy = reveal Field, u = undo, r = redo
INFO main aview.TextGUI - 
 Line
    1  -   -   -   -   -   -   -   -   - 
    2  -   -   -   -   -   -   -   -   - 
    3  -   -   -   -   -   -   -   -   - 
    4  -   -   -   -   -   -   -   -   - 
    5  -   -   -   -   -   -   -   -   - 
    6  -   -   -   -   -   -   -   -   - 
    7  -   -   -   -   -   -   -   -   - 
    8  -   -   -   -   -   -   -   -   - 
    9  -   -   -   -   -   -   -   -   - 
       1   2   3   4   5   6   7   8   9 
       Column

INFO main aview.TextGUI - Possible commands: q = quit, n = new Game, sS = small Field, sM = medium Field, sL = Large Field, xx-yy = reveal Field, u = undo, r = redo
INFO main aview.TextGUI - 
 Line
    1  0   0   0   0   0   1   -   1   0 
    2  1   1   1   0   1   2   -   1   0 
    3  -   -   1   0   1   -   -   2   0 
    4  -   -   1   0   1   2   -   1   0 
    5  -   -   1   0   0   1   1   1   0 
    6  -   -   2   1   1   0   0   0   0 
    7  -   -   -   -   1   0   0   0   0 
    8  -   1   1   1   1   0   0   0   0 
    9  -   1   0   0   0   0   0   0   0 
       1   2   3   4   5   6   7   8   9 
       Column

INFO main aview.TextGUI - Possible commands: q = quit, n = new Game, sS = small Field, sM = medium Field, sL = Large Field, xx-yy = reveal Field, u = undo, r = redo
INFO main aview.TextGUI - 
 Line
    1  -   -   -   -   -   -   -   -   - 
    2  -   -   -   -   -   -   -   -   - 
    3  -   -   -   -   -   -   -   -   - 
    4  -   -   -   -   -   -   -   -   - 
    5  -   -   -   -   -   -   -   -   - 
    6  -   -   -   -   -   -   -   -   - 
    7  -   -   -   -   -   -   -   -   - 
    8  -   -   -   -   -   -   -   -   - 
    9  -   -   -   -   -   -   -   -   - 
       1   2   3   4   5   6   7   8   9 
       Column

INFO main aview.TextGUI - Possible commands: q = quit, n = new Game, sS = small Field, sM = medium Field, sL = Large Field, xx-yy = reveal Field, u = undo, r = redo
INFO main aview.TextGUI - 
 Line
    1  0   0   0   0   0   1   -   1   0 
    2  1   1   1   0   1   2   -   1   0 
    3  -   -   1   0   1   -   -   2   0 
    4  -   -   1   0   1   2   -   1   0 
    5  -   -   1   0   0   1   1   1   0 
    6  -   -   2   1   1   0   0   0   0 
    7  -   -   -   -   1   0   0   0   0 
    8  -   1   1   1   1   0   0   0   0 
    9  -   1   0   0   0   0   0   0   0 
       1   2   3   4   5   6   7   8   9 
       Column

INFO main aview.TextGUI - Possible commands: q = quit, n = new Game, sS = small Field, sM = medium Field, sL = Large Field, xx-yy = reveal Field, u = undo, r = redo
INFO main aview.TextGUI - 
 Line
    1  -   -   -   -   -   -   -   -   -   -   -   -   -   -   -   -   -   -   -   -   -   -   -   -   -   -   -   -   -   - 
    2  -   -   -   -   -   -   -   -   -   -   -   -   -   -   -   -   -   -   -   -   -   -   -   -   -   -   -   -   -   - 
    3  -   -   -   -   -   -   -   -   -   -   -   -   -   -   -   -   -   -   -   -   -   -   -   -   -   -   -   -   -   - 
    4  -   -   -   -   -   -   -   -   -   -   -   -   -   -   -   -   -   -   -   -   -   -   -   -   -   -   -   -   -   - 
    5  -   -   -   -   -   -   -   -   -   -   -   -   -   -   -   -   -   -   -   -   -   -   -   -   -   -   -   -   -   - 
    6  -   -   -   -   -   -   -   -   -   -   -   -   -   -   -   -   -   -   -   -   -   -   -   -   -   -   -   -   -   - 
    7  -   -   -   -   -   -   -   -   -   -   -   -   -   -   -   -   -   -   -   -   -   -   -   -   -   -   -   -   -   - 
    8  -   -   -   -   -   -   -   -   -   -   -   -   -   -   -   -   -   -   -   -   -   -   -   -   -   -   -   -   -   - 
    9  -   -   -   -   -   -   -   -   -   -   -   -   -   -   -   -   -   -   -   -   -   -   -   -   -   -   -   -   -   - 
   10  -   -   -   -   -   -   -   -   -   -   -   -   -   -   -   -   -   -   -   -   -   -   -   -   -   -   -   -   -   - 
   11  -   -   -   -   -   -   -   -   -   -   -   -   -   -   -   -   -   -   -   -   -   -   -   -   -   -   -   -   -   - 
   12  -   -   -   -   -   -   -   -   -   -   -   -   -   -   -   -   -   -   -   -   -   -   -   -   -   -   -   -   -   - 
   13  -   -   -   -   -   -   -   -   -   -   -   -   -   -   -   -   -   -   -   -   -   -   -   -   -   -   -   -   -   - 
   14  -   -   -   -   -   -   -   -   -   -   -   -   -   -   -   -   -   -   -   -   -   -   -   -   -   -   -   -   -   - 
   15  -   -   -   -   -   -   -   -   -   -   -   -   -   -   -   -   -   -   -   -   -   -   -   -   -   -   -   -   -   - 
   16  -   -   -   -   -   -   -   -   -   -   -   -   -   -   -   -   -   -   -   -   -   -   -   -   -   -   -   -   -   - 
       1   2   3   4   5   6   7   8   9  10  11  12  13  14  15  16  17  18  19  20  21  22  23  24  25  26  27  28  29  30 
       Column

INFO main aview.TextGUI - Possible commands: q = quit, n = new Game, sS = small Field, sM = medium Field, sL = Large Field, xx-yy = reveal Field, u = undo, r = redo
INFO main aview.TextGUI - 
 Line
    1  -   -   -   -   -   -   -   -   - 
    2  -   -   -   -   -   -   -   -   - 
    3  -   -   -   -   -   -   -   -   - 
    4  -   -   -   -   -   -   -   -   - 
    5  -   -   -   -   -   -   -   -   - 
    6  -   -   -   -   -   -   -   -   - 
    7  -   -   -   -   -   -   -   -   - 
    8  -   -   -   -   -   -   -   -   - 
    9  -   -   -   -   -   -   -   -   - 
       1   2   3   4   5   6   7   8   9 
       Column

INFO main aview.TextGUI - Possible commands: q = quit, n = new Game, sS = small Field, sM = medium Field, sL = Large Field, xx-yy = reveal Field, u = undo, r = redo
INFO main aview.TextGUI - 
 Line
    1  1   -   -   -   -   -   -   -   - 
    2  -   -   -   -   -   -   -   -   - 
    3  -   -   -   -   -   -   -   -   - 
    4  -   -   -   -   -   -   -   -   - 
    5  -   -   -   -   -   -   -   -   - 
    6  -   -   -   -   -   -   -   -   - 
    7  -   -   -   -   -   -   -   -   - 
    8  -   -   -   -   -   -   -   -   - 
    9  -   -   -   -   -   -   -   -   - 
       1   2   3   4   5   6   7   8   9 
       Column

INFO main aview.TextGUI - Possible commands: q = quit, n = new Game, sS = small Field, sM = medium Field, sL = Large Field, xx-yy = reveal Field, u = undo, r = redo
INFO main aview.TextGUI - 
 Line
    1  1   -   -   -   -   -   -   -   - 
    2  -   -   -   -   -   -   -   -   - 
    3  -   -   -   -   -   -   -   -   - 
    4  -   -   -   -   -   -   -   -   - 
    5  -   -   -   -   -   2   2   2   1 
    6  -   -   -   -   -   1   0   0   0 
    7  -   -   -   -   -   2   0   0   0 
    8  -   -   -   -   -   1   0   0   0 
    9  -   -   -   -   -   1   0   0   0 
       1   2   3   4   5   6   7   8   9 
       Column

INFO main aview.TextGUI - Possible commands: q = quit, n = new Game, sS = small Field, sM = medium Field, sL = Large Field, xx-yy = reveal Field, u = undo, r = redo
INFO main aview.TextGUI - 
 Line
    1  1   -   -   -   -   -   -   -   - 
    2  -   -   -   -   -   -   -   -   - 
    3  -   -   -   -   -   -   -   -   - 
    4  -   -   -   -   -   -   -   -   - 
    5  -   -   -   -   -   -   -   -   - 
    6  -   -   -   -   -   -   -   -   - 
    7  -   -   -   -   -   -   -   -   - 
    8  -   -   -   -   -   -   -   -   - 
    9  -   -   -   -   -   -   -   -   - 
       1   2   3   4   5   6   7   8   9 
       Column

INFO main aview.TextGUI - Possible commands: q = quit, n = new Game, sS = small Field, sM = medium Field, sL = Large Field, xx-yy = reveal Field, u = undo, r = redo
INFO main aview.TextGUI - 
 Line
    1  1   -   -   -   -   -   -   -   - 
    2  -   -   -   -   -   -   -   -   - 
    3  -   -   -   -   -   -   -   -   - 
    4  -   -   -   -   -   -   -   -   - 
    5  -   -   -   -   -   2   2   2   1 
    6  -   -   -   -   -   1   0   0   0 
    7  -   -   -   -   -   2   0   0   0 
    8  -   -   -   -   -   1   0   0   0 
    9  -   -   -   -   -   1   0   0   0 
       1   2   3   4   5   6   7   8   9 
       Column

INFO main aview.TextGUI - Possible commands: q = quit, n = new Game, sS = small Field, sM = medium Field, sL = Large Field, xx-yy = reveal Field, u = undo, r = redo
INFO main aview.TextGUI - 
 Line
    1  -   -   -   -   -   -   -   -   -   -   -   -   -   -   -   -   -   -   -   -   -   -   -   -   -   -   -   -   -   - 
    2  -   -   -   -   -   -   -   -   -   -   -   -   -   -   -   -   -   -   -   -   -   -   -   -   -   -   -   -   -   - 
    3  -   -   -   -   -   -   -   -   -   -   -   -   -   -   -   -   -   -   -   -   -   -   -   -   -   -   -   -   -   - 
    4  -   -   -   -   -   -   -   -   -   -   -   -   -   -   -   -   -   -   -   -   -   -   -   -   -   -   -   -   -   - 
    5  -   -   -   -   -   -   -   -   -   -   -   -   -   -   -   -   -   -   -   -   -   -   -   -   -   -   -   -   -   - 
    6  -   -   -   -   -   -   -   -   -   -   -   -   -   -   -   -   -   -   -   -   -   -   -   -   -   -   -   -   -   - 
    7  -   -   -   -   -   -   -   -   -   -   -   -   -   -   -   -   -   -   -   -   -   -   -   -   -   -   -   -   -   - 
    8  -   -   -   -   -   -   -   -   -   -   -   -   -   -   -   -   -   -   -   -   -   -   -   -   -   -   -   -   -   - 
    9  -   -   -   -   -   -   -   -   -   -   -   -   -   -   -   -   -   -   -   -   -   -   -   -   -   -   -   -   -   - 
   10  -   -   -   -   -   -   -   -   -   -   -   -   -   -   -   -   -   -   -   -   -   -   -   -   -   -   -   -   -   - 
   11  -   -   -   -   -   -   -   -   -   -   -   -   -   -   -   -   -   -   -   -   -   -   -   -   -   -   -   -   -   - 
   12  -   -   -   -   -   -   -   -   -   -   -   -   -   -   -   -   -   -   -   -   -   -   -   -   -   -   -   -   -   - 
   13  -   -   -   -   -   -   -   -   -   -   -   -   -   -   -   -   -   -   -   -   -   -   -   -   -   -   -   -   -   - 
   14  -   -   -   -   -   -   -   -   -   -   -   -   -   -   -   -   -   -   -   -   -   -   -   -   -   -   -   -   -   - 
   15  -   -   -   -   -   -   -   -   -   -   -   -   -   -   -   -   -   -   -   -   -   -   -   -   -   -   -   -   -   - 
   16  -   -   -   -   -   -   -   -   -   -   -   -   -   -   -   -   -   -   -   -   -   -   -   -   -   -   -   -   -   - 
       1   2   3   4   5   6   7   8   9  10  11  12  13  14  15  16  17  18  19  20  21  22  23  24  25  26  27  28  29  30 
       Column

INFO main aview.TextGUI - Possible commands: q = quit, n = new Game, sS = small Field, sM = medium Field, sL = Large Field, xx-yy = reveal Field, u = undo, r = redo
INFO main aview.TextGUI - 
 Line
    1  2   -   -   -   -   -   -   -   -   -   -   -   -   -   -   -   -   -   -   -   -   -   -   -   -   -   -   -   -   - 
    2  -   -   -   -   -   -   -   -   -   -   -   -   -   -   -   -   -   -   -   -   -   -   -   -   -   -   -   -   -   - 
    3  -   -   -   -   -   -   -   -   -   -   -   -   -   -   -   -   -   -   -   -   -   -   -   -   -   -   -   -   -   - 
    4  -   -   -   -   -   -   -   -   -   -   -   -   -   -   -   -   -   -   -   -   -   -   -   -   -   -   -   -   -   - 
    5  -   -   -   -   -   -   -   -   -   -   -   -   -   -   -   -   -   -   -   -   -   -   -   -   -   -   -   -   -   - 
    6  -   -   -   -   -   -   -   -   -   -   -   -   -   -   -   -   -   -   -   -   -   -   -   -   -   -   -   -   -   - 
    7  -   -   -   -   -   -   -   -   -   -   -   -   -   -   -   -   -   -   -   -   -   -   -   -   -   -   -   -   -   - 
    8  -   -   -   -   -   -   -   -   -   -   -   -   -   -   -   -   -   -   -   -   -   -   -   -   -   -   -   -   -   - 
    9  -   -   -   -   -   -   -   -   -   -   -   -   -   -   -   -   -   -   -   -   -   -   -   -   -   -   -   -   -   - 
   10  -   -   -   -   -   -   -   -   -   -   -   -   -   -   -   -   -   -   -   -   -   -   -   -   -   -   -   -   -   - 
   11  -   -   -   -   -   -   -   -   -   -   -   -   -   -   -   -   -   -   -   -   -   -   -   -   -   -   -   -   -   - 
   12  -   -   -   -   -   -   -   -   -   -   -   -   -   -   -   -   -   -   -   -   -   -   -   -   -   -   -   -   -   - 
   13  -   -   -   -   -   -   -   -   -   -   -   -   -   -   -   -   -   -   -   -   -   -   -   -   -   -   -   -   -   - 
   14  -   -   -   -   -   -   -   -   -   -   -   -   -   -   -   -   -   -   -   -   -   -   -   -   -   -   -   -   -   - 
   15  -   -   -   -   -   -   -   -   -   -   -   -   -   -   -   -   -   -   -   -   -   -   -   -   -   -   -   -   -   - 
   16  -   -   -   -   -   -   -   -   -   -   -   -   -   -   -   -   -   -   -   -   -   -   -   -   -   -   -   -   -   - 
       1   2   3   4   5   6   7   8   9  10  11  12  13  14  15  16  17  18  19  20  21  22  23  24  25  26  27  28  29  30 
       Column

INFO main aview.TextGUI - Possible commands: q = quit, n = new Game, sS = small Field, sM = medium Field, sL = Large Field, xx-yy = reveal Field, u = undo, r = redo
